\BOOKMARK [0][-]{chapter.1}{\376\377\000W\000p\000r\000o\000w\000a\000d\000z\000e\000n\000i\000e}{}% 1
\BOOKMARK [0][-]{chapter.2}{\376\377\000O\000p\000i\000s\000\040\000z\000a\001\102\000o\001\174\000e\001\104\000\040\000p\000r\000o\000j\000e\000k\000t\000u}{}% 2
\BOOKMARK [1][-]{section.2.1}{\376\377\000W\000y\000m\000a\000g\000a\000n\000i\000a\000\040\000f\000u\000n\000k\000c\000j\000o\000n\000a\000l\000n\000e}{chapter.2}% 3
\BOOKMARK [1][-]{section.2.2}{\376\377\000W\000y\000m\000a\000g\000a\000n\000i\000a\000\040\000n\000i\000e\000f\000u\000n\000k\000c\000j\000o\000n\000a\000l\000n\000e}{chapter.2}% 4
\BOOKMARK [0][-]{chapter.3}{\376\377\000O\000p\000i\000s\000\040\000s\000t\000r\000u\000k\000t\000u\000r\000y\000\040\000p\000r\000o\000j\000e\000k\000t\000u}{}% 5
\BOOKMARK [1][-]{section.3.1}{\376\377\000S\000t\000r\000u\000k\000t\000u\000r\000a\000\040\000p\000l\000i\000k\000\363\000w}{chapter.3}% 6
\BOOKMARK [1][-]{section.3.2}{\376\377\000N\000a\000j\000w\000a\001\174\000n\000i\000e\000j\000s\000z\000e\000\040\000m\000e\000t\000o\000d\000y}{chapter.3}% 7
\BOOKMARK [2][-]{subsection.3.2.1}{\376\377\000P\000l\000i\000k\000\040\000s\000e\000r\000v\000e\000r\000.\000p\000y}{section.3.2}% 8
\BOOKMARK [2][-]{subsection.3.2.2}{\376\377\000P\000l\000i\000k\000\040\000c\000l\000i\000e\000n\000t\000.\000p\000y}{section.3.2}% 9
\BOOKMARK [1][-]{section.3.3}{\376\377\000M\000o\000d\000u\001\102\000y\000\040\000i\000\040\000o\000p\000r\000o\000g\000r\000a\000m\000o\000w\000a\000n\000i\000e}{chapter.3}% 10
\BOOKMARK [0][-]{chapter.4}{\376\377\000P\000r\000e\000z\000e\000n\000t\000a\000c\000j\000a\000\040\000d\000z\000i\000a\001\102\000a\000n\000i\000a\000\040\000i\000\040\000t\000e\000s\000t\000y}{}% 11
\BOOKMARK [1][-]{section.4.1}{\376\377\000S\000e\000r\000w\000e\000r\000\040\000U\000b\000u\000n\000t\000u\000:\000\040\000k\000o\000m\000u\000n\000i\000k\000a\000t\000y\000\040\000r\000o\000z\000p\000o\000c\000z\001\031\000c\000i\000a\000\040\000p\000r\000a\000c\000y\000\040\000i\000\040\000d\000o\001\102\001\005\000c\000z\000e\000n\000i\000a}{chapter.4}% 12
\BOOKMARK [1][-]{section.4.2}{\376\377\000S\000e\000r\000w\000e\000r\000\040\000U\000b\000u\000n\000t\000u\000:\000\040\000k\000o\000m\000u\000n\000i\000k\000a\000t\000y\000\040\000r\000o\000z\001\102\001\005\000c\000z\000a\000n\000i\000a\000\040\000s\000i\001\031\000\040\000u\001\174\000y\000t\000k\000o\000w\000n\000i\000k\000\363\000w}{chapter.4}% 13
\BOOKMARK [1][-]{section.4.3}{\376\377\000D\000z\000i\000a\001\102\000a\000n\000i\000e\000\040\000a\000p\000l\000i\000k\000a\000c\000j\000i\000\040\000z\000\040\000p\000e\000r\000s\000p\000e\000k\000t\000y\000w\000y\000\040\000m\000a\000s\000z\000y\000n\000\040\000k\000l\000i\000e\000n\000c\000k\000i\000c\000h}{chapter.4}% 14
\BOOKMARK [2][-]{subsection.4.3.1}{\376\377\000P\000r\000z\000e\000s\000y\001\102\000a\000n\000i\000e\000\040\000w\000i\000a\000d\000o\000m\000o\001\133\000c\000i\000\040\000i\000\040\000k\000o\000m\000u\000n\000i\000k\000a\000t\000\040\000d\000o\001\102\001\005\000c\000z\000e\000n\000i\000a}{section.4.3}% 15
\BOOKMARK [2][-]{subsection.4.3.2}{\376\377\000R\000o\000z\001\102\001\005\000c\000z\000e\000n\000i\000e\000\040\000s\000i\001\031\000\040\000-\000\040\000k\000o\000m\000u\000n\000i\000k\000a\000t}{section.4.3}% 16
\BOOKMARK [2][-]{subsection.4.3.3}{\376\377\000P\000r\000z\000y\000w\000r\000a\000c\000a\000n\000i\000e\000\040\000h\000i\000s\000t\000o\000r\000i\000i\000\040\000-\000\040\000t\000r\000e\001\133\001\007}{section.4.3}% 17
\BOOKMARK [2][-]{subsection.4.3.4}{\376\377\000D\000o\000s\000t\001\031\000p\000n\000o\001\133\001\007\000\040\000h\000i\000s\000t\000o\000r\000i\000i\000\040\000d\000l\000a\000\040\000n\000o\000w\000y\000c\000h\000\040\000u\001\174\000y\000t\000k\000o\000w\000n\000i\000k\000\363\000w\000\040\000-\000\040\000z\000a\000c\000h\000o\000w\000a\000n\000i\000e}{section.4.3}% 18
\BOOKMARK [2][-]{subsection.4.3.5}{\376\377\000Z\000a\000b\000e\000z\000p\000i\000e\000c\000z\000e\000n\000i\000e\000\040\000-\000\040\000c\000o\000\040\000j\000e\001\133\000l\000i\000\040\000k\000t\000o\001\133\000\040\000j\000e\000s\000t\000\040\000n\000o\000w\000y\000\040\000i\000\040\000c\000h\000c\000e\000\040\000p\000r\000z\000y\000w\000r\000\363\000c\000i\001\007\000\040\000s\000e\000s\000j\001\031\000?}{section.4.3}% 19
\BOOKMARK [0][-]{chapter.5}{\376\377\000I\000n\000s\000t\000r\000u\000k\000c\000j\000a\000\040\000u\000r\000u\000c\000h\000o\000m\000i\000e\000n\000i\000o\000w\000a}{}% 20
\BOOKMARK [0][-]{chapter.6}{\376\377\000P\000o\000d\000s\000u\000m\000o\000w\000a\000n\000i\000e}{}% 21
\BOOKMARK [1][-]{section*.9}{\376\377\000B\000i\000b\000l\000i\000o\000g\000r\000a\000f\000i\000a}{chapter.6}% 22
\BOOKMARK [1][-]{chapter*.10}{\376\377\000S\000p\000i\000s\000\040\000r\000y\000s\000u\000n\000k\000\363\000w}{chapter.6}% 23
